<?xml version="1.0" encoding="UTF-8"?>
<!-- Generated by org.testng.reporters.JUnitReportReporter -->
<testsuite skipped="0" hostname="LAPTOP-9OPGOCCI" name="Assessment.Planit.HomePageTest" tests="14" failures="0" timestamp="27 Mar 2023 04:32:10 GMT" time="70.272" errors="0">
  <testcase name="homePageTitleTest" time="0.141" classname="Assessment.Planit.HomePageTest"/>
  <testcase name="loginBtn" time="4.427" classname="Assessment.Planit.HomePageTest"/>
  <testcase name="loginPageTitle" time="0.033" classname="Assessment.Planit.HomePageTest"/>
  <testcase name="enterCredentials" time="3.335" classname="Assessment.Planit.HomePageTest"/>
  <testcase name="verifyUser" time="2.582" classname="Assessment.Planit.HomePageTest"/>
  <testcase name="removeCart" time="4.420" classname="Assessment.Planit.HomePageTest"/>
  <testcase name="computer" time="1.271" classname="Assessment.Planit.HomePageTest"/>
  <testcase name="selectComputer" time="2.418" classname="Assessment.Planit.HomePageTest"/>
  <testcase name="product" time="5.731" classname="Assessment.Planit.HomePageTest"/>
  <testcase name="selectCart" time="0.824" classname="Assessment.Planit.HomePageTest"/>
  <testcase name="continueCart" time="1.921" classname="Assessment.Planit.HomePageTest"/>
  <testcase name="billing" time="1.444" classname="Assessment.Planit.HomePageTest"/>
  <testcase name="shipping" time="6.139" classname="Assessment.Planit.HomePageTest"/>
  <testcase name="confirm" time="35.586" classname="Assessment.Planit.HomePageTest"/>
</testsuite> <!-- Assessment.Planit.HomePageTest -->
